<?xml version="1.0" encoding="UTF-8" ?>
<testsuite failures="0" time="3.923" errors="0" skipped="1" tests="21" name="com.qcadoo.mes.orderGroups.OrderGroupsServiceTest">
  <properties>
[...]
</properties>
  <testcase time="3.002" classname="com.qcadoo.mes.orderGroups.OrderGroupsServiceTest" name="shouldReturnTrueIfBounaryContainsGivenDate"/>
  <testcase time="0.039" classname="com.qcadoo.mes.orderGroups.OrderGroupsServiceTest" name="shouldReturnTrueIfLowerBounaryIsNotSetAndUpperContainsEndDate"/>
  <testcase time="0.02" classname="com.qcadoo.mes.orderGroups.OrderGroupsServiceTest" name="shouldReturnTrueIfUpperBounaryIsNotSetAndLowerContainsStartDate"/>
  <testcase time="0.027" classname="com.qcadoo.mes.orderGroups.OrderGroupsServiceTest" name="shouldReturnFalseIfUpperBounaryIsExceeded"/>
  <testcase time="0.039" classname="com.qcadoo.mes.orderGroups.OrderGroupsServiceTest" name="shouldReturnFalseIfLowerBounaryIsExceeded"/>
  <testcase time="0.133" classname="com.qcadoo.mes.orderGroups.OrderGroupsServiceTest" name="shouldReturnTrueIfBoundariesAreEquals"/>
  <testcase time="0.029" classname="com.qcadoo.mes.orderGroups.OrderGroupsServiceTest" name="shouldReturnTrueIfBoundariesIsTheSameOneDay"/>
  <testcase time="0.091" classname="com.qcadoo.mes.orderGroups.OrderGroupsServiceTest" name="shouldReturnFalseIfBounariesAreExceeded"/>
  <testcase time="0.006" classname="com.qcadoo.mes.orderGroups.OrderGroupsServiceTest" name="shouldReturnTrueIfGroupDateBoundariesAreCorrect"/>
  <testcase time="0.006" classname="com.qcadoo.mes.orderGroups.OrderGroupsServiceTest" name="shouldReturnTrueIfGroupIsNull"/>
  <testcase time="0.006" classname="com.qcadoo.mes.orderGroups.OrderGroupsServiceTest" name="shouldReturnTrueIfOrdersIsEmpty"/>
  <testcase time="0.01" classname="com.qcadoo.mes.orderGroups.OrderGroupsServiceTest" name="shouldReturnFalseIfGroupDateBoundariesAreIncorrect"/>
  <testcase time="0.105" classname="com.qcadoo.mes.orderGroups.OrderGroupsServiceTest" name="shouldFireValidatorAndReturnFalse"/>
  <testcase time="0.006" classname="com.qcadoo.mes.orderGroups.OrderGroupsServiceTest" name="shouldFireValidatorAndReturnTrue"/>
  <testcase time="0.033" classname="com.qcadoo.mes.orderGroups.OrderGroupsServiceTest" name="shouldReturnTrueIfOrdersIsNull"/>
  <testcase time="0.162" classname="com.qcadoo.mes.orderGroups.OrderGroupsServiceTest" name="shouldNotGenerateNumberAndNameForAlreadyNumberedGroup"/>
  <testcase time="0.031" classname="com.qcadoo.mes.orderGroups.OrderGroupsServiceTest" name="shouldGenerateNumberAndNameIfDoesNotExists"/>
  <testcase time="0.02" classname="com.qcadoo.mes.orderGroups.OrderGroupsServiceTest" name="shouldGenerateOnlyNumberIfNameAlreadyExists"/>
  <testcase time="0.022" classname="com.qcadoo.mes.orderGroups.OrderGroupsServiceTest" name="shouldRedirectToOrdersList">
    <skipped/>
  </testcase>
  <testcase time="0.094" classname="com.qcadoo.mes.orderGroups.OrderGroupsServiceTest" name="shouldNotRedirectToOrdersListIfFormEntityIsNull"/>
  <testcase time="0.042" classname="com.qcadoo.mes.orderGroups.OrderGroupsServiceTest" name="shouldNotRedirectToOrdersListIfGroupNameIsNull"/>
</testsuite>